2021/09/02 10:17:13 [notice] 1#1: using the "epoll" event method
2021/09/02 10:17:13 [notice] 1#1: nginx/1.21.1
2021/09/02 10:17:13 [notice] 1#1: built by gcc 8.3.0 (Debian 8.3.0-6) 
2021/09/02 10:17:13 [notice] 1#1: OS: Linux 5.10.47-linuxkit
2021/09/02 10:17:13 [notice] 1#1: getrlimit(RLIMIT_NOFILE): 1048576:1048576
2021/09/02 10:17:13 [notice] 1#1: start worker processes
2021/09/02 10:17:13 [notice] 1#1: start worker process 31
2021/09/02 10:17:13 [notice] 1#1: start worker process 32
2021/09/02 10:20:41 [notice] 1#1: using the "epoll" event method
2021/09/02 10:20:41 [notice] 1#1: nginx/1.21.1
2021/09/02 10:20:41 [notice] 1#1: built by gcc 8.3.0 (Debian 8.3.0-6) 
2021/09/02 10:20:41 [notice] 1#1: OS: Linux 5.10.47-linuxkit
2021/09/02 10:20:41 [notice] 1#1: getrlimit(RLIMIT_NOFILE): 1048576:1048576
2021/09/02 10:20:41 [notice] 1#1: start worker processes
2021/09/02 10:20:41 [notice] 1#1: start worker process 30
2021/09/02 10:20:41 [notice] 1#1: start worker process 31
2021/09/02 10:23:23 [notice] 1#1: using the "epoll" event method
2021/09/02 10:23:23 [notice] 1#1: nginx/1.21.1
2021/09/02 10:23:23 [notice] 1#1: built by gcc 8.3.0 (Debian 8.3.0-6) 
2021/09/02 10:23:23 [notice] 1#1: OS: Linux 5.10.47-linuxkit
2021/09/02 10:23:23 [notice] 1#1: getrlimit(RLIMIT_NOFILE): 1048576:1048576
2021/09/02 10:23:23 [notice] 1#1: start worker processes
2021/09/02 10:23:23 [notice] 1#1: start worker process 30
2021/09/02 10:23:23 [notice] 1#1: start worker process 31
2021/09/02 10:37:24 [notice] 1#1: signal 3 (SIGQUIT) received, shutting down
2021/09/02 10:37:24 [notice] 30#30: gracefully shutting down
2021/09/02 10:37:24 [notice] 30#30: exiting
2021/09/02 10:37:24 [notice] 31#31: gracefully shutting down
2021/09/02 10:37:24 [notice] 30#30: exit
2021/09/02 10:37:24 [notice] 31#31: exiting
2021/09/02 10:37:24 [notice] 31#31: exit
2021/09/02 10:37:24 [notice] 1#1: signal 17 (SIGCHLD) received from 30
2021/09/02 10:37:24 [notice] 1#1: worker process 30 exited with code 0
2021/09/02 10:37:24 [notice] 1#1: signal 29 (SIGIO) received
2021/09/02 10:37:24 [notice] 1#1: signal 17 (SIGCHLD) received from 31
2021/09/02 10:37:24 [notice] 1#1: worker process 31 exited with code 0
2021/09/02 10:37:24 [notice] 1#1: exit
2021/09/02 10:37:27 [notice] 1#1: using the "epoll" event method
2021/09/02 10:37:27 [notice] 1#1: nginx/1.21.1
2021/09/02 10:37:27 [notice] 1#1: built by gcc 8.3.0 (Debian 8.3.0-6) 
2021/09/02 10:37:27 [notice] 1#1: OS: Linux 5.10.47-linuxkit
2021/09/02 10:37:27 [notice] 1#1: getrlimit(RLIMIT_NOFILE): 1048576:1048576
2021/09/02 10:37:27 [notice] 1#1: start worker processes
2021/09/02 10:37:27 [notice] 1#1: start worker process 30
2021/09/02 10:37:27 [notice] 1#1: start worker process 31
2021/09/02 10:38:18 [error] 30#30: *1 FastCGI sent in stderr: "Primary script unknown" while reading response header from upstream, client: 172.21.0.1, server: _, request: "GET / HTTP/1.1", upstream: "fastcgi://172.21.0.2:9000", host: "127.0.0.1:8010"
2021/09/02 10:38:18 [error] 30#30: *3 FastCGI sent in stderr: "Primary script unknown" while reading response header from upstream, client: 172.21.0.1, server: _, request: "GET /favicon.ico HTTP/1.1", upstream: "fastcgi://172.21.0.2:9000", host: "127.0.0.1:8010", referrer: "http://127.0.0.1:8010/"
2021/09/02 10:44:26 [notice] 1#1: signal 3 (SIGQUIT) received, shutting down
2021/09/02 10:44:26 [notice] 31#31: gracefully shutting down
2021/09/02 10:44:26 [notice] 31#31: exiting
2021/09/02 10:44:26 [notice] 30#30: gracefully shutting down
2021/09/02 10:44:26 [notice] 31#31: exit
2021/09/02 10:44:26 [notice] 30#30: exiting
2021/09/02 10:44:26 [notice] 30#30: exit
2021/09/02 10:44:26 [notice] 1#1: signal 17 (SIGCHLD) received from 31
2021/09/02 10:44:26 [notice] 1#1: worker process 31 exited with code 0
2021/09/02 10:44:26 [notice] 1#1: signal 29 (SIGIO) received
2021/09/02 10:44:26 [notice] 1#1: signal 17 (SIGCHLD) received from 30
2021/09/02 10:44:26 [notice] 1#1: worker process 30 exited with code 0
2021/09/02 10:44:26 [notice] 1#1: exit
2021/09/02 10:44:30 [notice] 1#1: using the "epoll" event method
2021/09/02 10:44:30 [notice] 1#1: nginx/1.21.1
2021/09/02 10:44:30 [notice] 1#1: built by gcc 8.3.0 (Debian 8.3.0-6) 
2021/09/02 10:44:30 [notice] 1#1: OS: Linux 5.10.47-linuxkit
2021/09/02 10:44:30 [notice] 1#1: getrlimit(RLIMIT_NOFILE): 1048576:1048576
2021/09/02 10:44:30 [notice] 1#1: start worker processes
2021/09/02 10:44:30 [notice] 1#1: start worker process 31
2021/09/02 10:44:30 [notice] 1#1: start worker process 32
2021/09/02 11:08:48 [notice] 1#1: signal 3 (SIGQUIT) received, shutting down
2021/09/02 11:08:48 [notice] 32#32: gracefully shutting down
2021/09/02 11:08:48 [notice] 32#32: exiting
2021/09/02 11:08:48 [notice] 31#31: gracefully shutting down
2021/09/02 11:08:48 [notice] 32#32: exit
2021/09/02 11:08:48 [notice] 1#1: signal 17 (SIGCHLD) received from 32
2021/09/02 11:08:48 [notice] 1#1: worker process 32 exited with code 0
2021/09/02 11:08:48 [notice] 1#1: signal 29 (SIGIO) received
2021/09/02 11:08:58 [notice] 31#31: exiting
2021/09/02 11:08:58 [notice] 31#31: exit
2021/09/02 11:08:58 [notice] 1#1: signal 17 (SIGCHLD) received from 31
2021/09/02 11:08:58 [notice] 1#1: worker process 31 exited with code 0
2021/09/02 11:08:58 [notice] 1#1: exit
2021/09/02 11:08:59 [notice] 1#1: using the "epoll" event method
2021/09/02 11:08:59 [notice] 1#1: nginx/1.21.1
2021/09/02 11:08:59 [notice] 1#1: built by gcc 8.3.0 (Debian 8.3.0-6) 
2021/09/02 11:08:59 [notice] 1#1: OS: Linux 5.10.47-linuxkit
2021/09/02 11:08:59 [notice] 1#1: getrlimit(RLIMIT_NOFILE): 1048576:1048576
2021/09/02 11:08:59 [notice] 1#1: start worker processes
2021/09/02 11:08:59 [notice] 1#1: start worker process 32
2021/09/02 11:08:59 [notice] 1#1: start worker process 33
2021/09/02 11:09:46 [notice] 1#1: signal 3 (SIGQUIT) received, shutting down
2021/09/02 11:09:47 [notice] 33#33: gracefully shutting down
2021/09/02 11:09:47 [notice] 33#33: exiting
2021/09/02 11:09:47 [notice] 32#32: gracefully shutting down
2021/09/02 11:09:47 [notice] 32#32: exiting
2021/09/02 11:09:47 [notice] 33#33: exit
2021/09/02 11:09:47 [notice] 32#32: exit
2021/09/02 11:09:47 [notice] 1#1: signal 17 (SIGCHLD) received from 33
2021/09/02 11:09:47 [notice] 1#1: worker process 33 exited with code 0
2021/09/02 11:09:47 [notice] 1#1: signal 29 (SIGIO) received
2021/09/02 11:09:47 [notice] 1#1: signal 17 (SIGCHLD) received from 32
2021/09/02 11:09:47 [notice] 1#1: worker process 32 exited with code 0
2021/09/02 11:09:47 [notice] 1#1: exit
2021/09/02 11:10:56 [notice] 1#1: using the "epoll" event method
2021/09/02 11:10:56 [notice] 1#1: nginx/1.21.1
2021/09/02 11:10:56 [notice] 1#1: built by gcc 8.3.0 (Debian 8.3.0-6) 
2021/09/02 11:10:56 [notice] 1#1: OS: Linux 5.10.47-linuxkit
2021/09/02 11:10:56 [notice] 1#1: getrlimit(RLIMIT_NOFILE): 1048576:1048576
2021/09/02 11:10:56 [notice] 1#1: start worker processes
2021/09/02 11:10:56 [notice] 1#1: start worker process 33
2021/09/02 11:10:56 [notice] 1#1: start worker process 34
2021/09/02 11:12:09 [notice] 1#1: using the "epoll" event method
2021/09/02 11:12:09 [notice] 1#1: nginx/1.21.1
2021/09/02 11:12:09 [notice] 1#1: built by gcc 8.3.0 (Debian 8.3.0-6) 
2021/09/02 11:12:09 [notice] 1#1: OS: Linux 5.10.47-linuxkit
2021/09/02 11:12:09 [notice] 1#1: getrlimit(RLIMIT_NOFILE): 1048576:1048576
2021/09/02 11:12:09 [notice] 1#1: start worker processes
2021/09/02 11:12:09 [notice] 1#1: start worker process 32
2021/09/02 11:12:09 [notice] 1#1: start worker process 33
2021/09/02 11:15:50 [notice] 1#1: using the "epoll" event method
2021/09/02 11:15:50 [notice] 1#1: nginx/1.21.1
2021/09/02 11:15:50 [notice] 1#1: built by gcc 8.3.0 (Debian 8.3.0-6) 
2021/09/02 11:15:50 [notice] 1#1: OS: Linux 5.10.47-linuxkit
2021/09/02 11:15:50 [notice] 1#1: getrlimit(RLIMIT_NOFILE): 1048576:1048576
2021/09/02 11:15:50 [notice] 1#1: start worker processes
2021/09/02 11:15:50 [notice] 1#1: start worker process 29
2021/09/02 11:15:50 [notice] 1#1: start worker process 30
2021/09/02 11:18:57 [notice] 1#1: using the "epoll" event method
2021/09/02 11:18:57 [notice] 1#1: nginx/1.21.1
2021/09/02 11:18:57 [notice] 1#1: built by gcc 8.3.0 (Debian 8.3.0-6) 
2021/09/02 11:18:57 [notice] 1#1: OS: Linux 5.10.47-linuxkit
2021/09/02 11:18:57 [notice] 1#1: getrlimit(RLIMIT_NOFILE): 1048576:1048576
2021/09/02 11:18:57 [notice] 1#1: start worker processes
2021/09/02 11:18:57 [notice] 1#1: start worker process 30
2021/09/02 11:18:57 [notice] 1#1: start worker process 31
2021/09/02 11:20:48 [notice] 1#1: using the "epoll" event method
2021/09/02 11:20:48 [notice] 1#1: nginx/1.21.1
2021/09/02 11:20:48 [notice] 1#1: built by gcc 8.3.0 (Debian 8.3.0-6) 
2021/09/02 11:20:48 [notice] 1#1: OS: Linux 5.10.47-linuxkit
2021/09/02 11:20:48 [notice] 1#1: getrlimit(RLIMIT_NOFILE): 1048576:1048576
2021/09/02 11:20:48 [notice] 1#1: start worker processes
2021/09/02 11:20:48 [notice] 1#1: start worker process 30
2021/09/02 11:20:48 [notice] 1#1: start worker process 31
2021/09/02 11:24:54 [notice] 1#1: using the "epoll" event method
2021/09/02 11:24:54 [notice] 1#1: nginx/1.21.1
2021/09/02 11:24:54 [notice] 1#1: built by gcc 8.3.0 (Debian 8.3.0-6) 
2021/09/02 11:24:54 [notice] 1#1: OS: Linux 5.10.47-linuxkit
2021/09/02 11:24:54 [notice] 1#1: getrlimit(RLIMIT_NOFILE): 1048576:1048576
2021/09/02 11:24:54 [notice] 1#1: start worker processes
2021/09/02 11:24:54 [notice] 1#1: start worker process 32
2021/09/02 11:24:54 [notice] 1#1: start worker process 33
2021/09/02 11:26:27 [notice] 1#1: using the "epoll" event method
2021/09/02 11:26:27 [notice] 1#1: nginx/1.21.1
2021/09/02 11:26:27 [notice] 1#1: built by gcc 8.3.0 (Debian 8.3.0-6) 
2021/09/02 11:26:27 [notice] 1#1: OS: Linux 5.10.47-linuxkit
2021/09/02 11:26:27 [notice] 1#1: getrlimit(RLIMIT_NOFILE): 1048576:1048576
2021/09/02 11:26:27 [notice] 1#1: start worker processes
2021/09/02 11:26:27 [notice] 1#1: start worker process 30
2021/09/02 11:26:27 [notice] 1#1: start worker process 31
2021/09/02 11:28:57 [notice] 1#1: using the "epoll" event method
2021/09/02 11:28:57 [notice] 1#1: nginx/1.21.1
2021/09/02 11:28:57 [notice] 1#1: built by gcc 8.3.0 (Debian 8.3.0-6) 
2021/09/02 11:28:57 [notice] 1#1: OS: Linux 5.10.47-linuxkit
2021/09/02 11:28:57 [notice] 1#1: getrlimit(RLIMIT_NOFILE): 1048576:1048576
2021/09/02 11:28:57 [notice] 1#1: start worker processes
2021/09/02 11:28:57 [notice] 1#1: start worker process 30
2021/09/02 11:28:57 [notice] 1#1: start worker process 31
2021/09/02 11:36:17 [notice] 1#1: using the "epoll" event method
2021/09/02 11:36:17 [notice] 1#1: nginx/1.21.1
2021/09/02 11:36:17 [notice] 1#1: built by gcc 8.3.0 (Debian 8.3.0-6) 
2021/09/02 11:36:17 [notice] 1#1: OS: Linux 5.10.47-linuxkit
2021/09/02 11:36:17 [notice] 1#1: getrlimit(RLIMIT_NOFILE): 1048576:1048576
2021/09/02 11:36:17 [notice] 1#1: start worker processes
2021/09/02 11:36:17 [notice] 1#1: start worker process 31
2021/09/02 11:36:17 [notice] 1#1: start worker process 32
2021/09/02 11:36:40 [notice] 1#1: using the "epoll" event method
2021/09/02 11:36:40 [notice] 1#1: nginx/1.21.1
2021/09/02 11:36:40 [notice] 1#1: built by gcc 8.3.0 (Debian 8.3.0-6) 
2021/09/02 11:36:40 [notice] 1#1: OS: Linux 5.10.47-linuxkit
2021/09/02 11:36:40 [notice] 1#1: getrlimit(RLIMIT_NOFILE): 1048576:1048576
2021/09/02 11:36:40 [notice] 1#1: start worker processes
2021/09/02 11:36:40 [notice] 1#1: start worker process 32
2021/09/02 11:36:40 [notice] 1#1: start worker process 33
2021/09/02 11:42:56 [notice] 1#1: signal 3 (SIGQUIT) received, shutting down
2021/09/02 11:42:56 [notice] 33#33: gracefully shutting down
2021/09/02 11:42:56 [notice] 33#33: exiting
2021/09/02 11:42:56 [notice] 32#32: gracefully shutting down
2021/09/02 11:42:56 [notice] 32#32: exiting
2021/09/02 11:42:56 [notice] 33#33: exit
2021/09/02 11:42:56 [notice] 32#32: exit
2021/09/02 11:42:56 [notice] 1#1: signal 17 (SIGCHLD) received from 33
2021/09/02 11:42:56 [notice] 1#1: worker process 33 exited with code 0
2021/09/02 11:42:56 [notice] 1#1: signal 17 (SIGCHLD) received from 32
2021/09/02 11:42:56 [notice] 1#1: worker process 32 exited with code 0
2021/09/02 11:42:56 [notice] 1#1: signal 29 (SIGIO) received
2021/09/02 11:42:56 [notice] 1#1: exit
2021/09/02 11:42:59 [notice] 1#1: using the "epoll" event method
2021/09/02 11:42:59 [notice] 1#1: nginx/1.21.1
2021/09/02 11:42:59 [notice] 1#1: built by gcc 8.3.0 (Debian 8.3.0-6) 
2021/09/02 11:42:59 [notice] 1#1: OS: Linux 5.10.47-linuxkit
2021/09/02 11:42:59 [notice] 1#1: getrlimit(RLIMIT_NOFILE): 1048576:1048576
2021/09/02 11:42:59 [notice] 1#1: start worker processes
2021/09/02 11:42:59 [notice] 1#1: start worker process 32
2021/09/02 11:42:59 [notice] 1#1: start worker process 33
2021/09/02 11:44:18 [notice] 1#1: signal 3 (SIGQUIT) received, shutting down
2021/09/02 11:44:18 [notice] 32#32: gracefully shutting down
2021/09/02 11:44:18 [notice] 32#32: exiting
2021/09/02 11:44:18 [notice] 33#33: gracefully shutting down
2021/09/02 11:44:18 [notice] 32#32: exit
2021/09/02 11:44:18 [notice] 33#33: exiting
2021/09/02 11:44:18 [notice] 33#33: exit
2021/09/02 11:44:18 [notice] 1#1: signal 17 (SIGCHLD) received from 32
2021/09/02 11:44:18 [notice] 1#1: worker process 32 exited with code 0
2021/09/02 11:44:18 [notice] 1#1: signal 29 (SIGIO) received
2021/09/02 11:44:18 [notice] 1#1: signal 17 (SIGCHLD) received from 33
2021/09/02 11:44:18 [notice] 1#1: worker process 33 exited with code 0
2021/09/02 11:44:18 [notice] 1#1: exit
2021/09/02 11:44:21 [notice] 1#1: using the "epoll" event method
2021/09/02 11:44:21 [notice] 1#1: nginx/1.21.1
2021/09/02 11:44:21 [notice] 1#1: built by gcc 8.3.0 (Debian 8.3.0-6) 
2021/09/02 11:44:21 [notice] 1#1: OS: Linux 5.10.47-linuxkit
2021/09/02 11:44:21 [notice] 1#1: getrlimit(RLIMIT_NOFILE): 1048576:1048576
2021/09/02 11:44:21 [notice] 1#1: start worker processes
2021/09/02 11:44:21 [notice] 1#1: start worker process 30
2021/09/02 11:44:21 [notice] 1#1: start worker process 31
2021/09/02 11:46:18 [notice] 1#1: signal 3 (SIGQUIT) received, shutting down
2021/09/02 11:46:18 [notice] 30#30: gracefully shutting down
2021/09/02 11:46:18 [notice] 30#30: exiting
2021/09/02 11:46:18 [notice] 31#31: gracefully shutting down
2021/09/02 11:46:18 [notice] 30#30: exit
2021/09/02 11:46:18 [notice] 31#31: exiting
2021/09/02 11:46:18 [notice] 31#31: exit
2021/09/02 11:46:18 [notice] 1#1: signal 17 (SIGCHLD) received from 30
2021/09/02 11:46:18 [notice] 1#1: worker process 30 exited with code 0
2021/09/02 11:46:18 [notice] 1#1: signal 17 (SIGCHLD) received from 31
2021/09/02 11:46:18 [notice] 1#1: worker process 31 exited with code 0
2021/09/02 11:46:18 [notice] 1#1: exit
2021/09/02 11:46:32 [notice] 1#1: using the "epoll" event method
2021/09/02 11:46:32 [notice] 1#1: nginx/1.21.1
2021/09/02 11:46:32 [notice] 1#1: built by gcc 8.3.0 (Debian 8.3.0-6) 
2021/09/02 11:46:32 [notice] 1#1: OS: Linux 5.10.47-linuxkit
2021/09/02 11:46:32 [notice] 1#1: getrlimit(RLIMIT_NOFILE): 1048576:1048576
2021/09/02 11:46:32 [notice] 1#1: start worker processes
2021/09/02 11:46:32 [notice] 1#1: start worker process 32
2021/09/02 11:46:32 [notice] 1#1: start worker process 33
2021/09/02 12:09:30 [notice] 1#1: signal 3 (SIGQUIT) received, shutting down
2021/09/02 12:09:30 [notice] 32#32: gracefully shutting down
2021/09/02 12:09:30 [notice] 32#32: exiting
2021/09/02 12:09:30 [notice] 33#33: gracefully shutting down
2021/09/02 12:09:30 [notice] 32#32: exit
2021/09/02 12:09:30 [notice] 33#33: exiting
2021/09/02 12:09:30 [notice] 33#33: exit
2021/09/02 12:09:30 [notice] 1#1: signal 17 (SIGCHLD) received from 32
2021/09/02 12:09:30 [notice] 1#1: worker process 32 exited with code 0
2021/09/02 12:09:30 [notice] 1#1: signal 29 (SIGIO) received
2021/09/02 12:09:30 [notice] 1#1: signal 17 (SIGCHLD) received from 33
2021/09/02 12:09:30 [notice] 1#1: worker process 33 exited with code 0
2021/09/02 12:09:30 [notice] 1#1: exit
2021/09/02 12:09:43 [notice] 1#1: using the "epoll" event method
2021/09/02 12:09:43 [notice] 1#1: nginx/1.21.1
2021/09/02 12:09:43 [notice] 1#1: built by gcc 8.3.0 (Debian 8.3.0-6) 
2021/09/02 12:09:43 [notice] 1#1: OS: Linux 5.10.47-linuxkit
2021/09/02 12:09:43 [notice] 1#1: getrlimit(RLIMIT_NOFILE): 1048576:1048576
2021/09/02 12:09:43 [notice] 1#1: start worker processes
2021/09/02 12:09:43 [notice] 1#1: start worker process 32
2021/09/02 12:09:43 [notice] 1#1: start worker process 33
2021/09/02 12:09:48 [notice] 1#1: signal 3 (SIGQUIT) received, shutting down
2021/09/02 12:09:48 [notice] 32#32: gracefully shutting down
2021/09/02 12:09:48 [notice] 32#32: exiting
2021/09/02 12:09:48 [notice] 33#33: gracefully shutting down
2021/09/02 12:09:48 [notice] 32#32: exit
2021/09/02 12:09:48 [notice] 33#33: exiting
2021/09/02 12:09:48 [notice] 33#33: exit
2021/09/02 12:09:48 [notice] 1#1: signal 17 (SIGCHLD) received from 32
2021/09/02 12:09:48 [notice] 1#1: worker process 32 exited with code 0
2021/09/02 12:09:48 [notice] 1#1: signal 29 (SIGIO) received
2021/09/02 12:09:48 [notice] 1#1: signal 17 (SIGCHLD) received from 33
2021/09/02 12:09:48 [notice] 1#1: worker process 33 exited with code 0
2021/09/02 12:09:48 [notice] 1#1: exit
2021/09/02 12:10:17 [notice] 1#1: using the "epoll" event method
2021/09/02 12:10:17 [notice] 1#1: nginx/1.21.1
2021/09/02 12:10:17 [notice] 1#1: built by gcc 8.3.0 (Debian 8.3.0-6) 
2021/09/02 12:10:17 [notice] 1#1: OS: Linux 5.10.47-linuxkit
2021/09/02 12:10:17 [notice] 1#1: getrlimit(RLIMIT_NOFILE): 1048576:1048576
2021/09/02 12:10:17 [notice] 1#1: start worker processes
2021/09/02 12:10:17 [notice] 1#1: start worker process 32
2021/09/02 12:10:17 [notice] 1#1: start worker process 33
2021/09/02 12:12:04 [notice] 1#1: signal 3 (SIGQUIT) received, shutting down
2021/09/02 12:12:04 [notice] 32#32: gracefully shutting down
2021/09/02 12:12:04 [notice] 32#32: exiting
2021/09/02 12:12:04 [notice] 33#33: gracefully shutting down
2021/09/02 12:12:04 [notice] 33#33: exiting
2021/09/02 12:12:04 [notice] 32#32: exit
2021/09/02 12:12:04 [notice] 33#33: exit
2021/09/02 12:12:04 [notice] 1#1: signal 17 (SIGCHLD) received from 32
2021/09/02 12:12:04 [notice] 1#1: worker process 32 exited with code 0
2021/09/02 12:12:04 [notice] 1#1: signal 29 (SIGIO) received
2021/09/02 12:12:04 [notice] 1#1: signal 17 (SIGCHLD) received from 33
2021/09/02 12:12:04 [notice] 1#1: worker process 33 exited with code 0
2021/09/02 12:12:04 [notice] 1#1: exit
2021/09/02 12:12:14 [notice] 1#1: using the "epoll" event method
2021/09/02 12:12:14 [notice] 1#1: nginx/1.21.1
2021/09/02 12:12:14 [notice] 1#1: built by gcc 8.3.0 (Debian 8.3.0-6) 
2021/09/02 12:12:14 [notice] 1#1: OS: Linux 5.10.47-linuxkit
2021/09/02 12:12:14 [notice] 1#1: getrlimit(RLIMIT_NOFILE): 1048576:1048576
2021/09/02 12:12:14 [notice] 1#1: start worker processes
2021/09/02 12:12:14 [notice] 1#1: start worker process 30
2021/09/02 12:12:14 [notice] 1#1: start worker process 31
2021/09/02 12:22:42 [notice] 1#1: signal 3 (SIGQUIT) received, shutting down
2021/09/02 12:22:42 [notice] 30#30: gracefully shutting down
2021/09/02 12:22:42 [notice] 31#31: gracefully shutting down
2021/09/02 12:22:42 [notice] 31#31: exiting
2021/09/02 12:22:42 [notice] 30#30: exiting
2021/09/02 12:22:42 [notice] 31#31: exit
2021/09/02 12:22:42 [notice] 30#30: exit
2021/09/02 12:22:42 [notice] 1#1: signal 17 (SIGCHLD) received from 31
2021/09/02 12:22:42 [notice] 1#1: worker process 31 exited with code 0
2021/09/02 12:22:42 [notice] 1#1: signal 29 (SIGIO) received
2021/09/02 12:22:42 [notice] 1#1: signal 17 (SIGCHLD) received from 30
2021/09/02 12:22:42 [notice] 1#1: worker process 30 exited with code 0
2021/09/02 12:22:42 [notice] 1#1: exit
2021/09/02 12:22:54 [notice] 1#1: using the "epoll" event method
2021/09/02 12:22:54 [notice] 1#1: nginx/1.21.1
2021/09/02 12:22:54 [notice] 1#1: built by gcc 8.3.0 (Debian 8.3.0-6) 
2021/09/02 12:22:54 [notice] 1#1: OS: Linux 5.10.47-linuxkit
2021/09/02 12:22:54 [notice] 1#1: getrlimit(RLIMIT_NOFILE): 1048576:1048576
2021/09/02 12:22:54 [notice] 1#1: start worker processes
2021/09/02 12:22:54 [notice] 1#1: start worker process 32
2021/09/02 12:22:54 [notice] 1#1: start worker process 33
2021/09/02 12:31:13 [notice] 1#1: signal 3 (SIGQUIT) received, shutting down
2021/09/02 12:31:13 [notice] 33#33: gracefully shutting down
2021/09/02 12:31:13 [notice] 32#32: gracefully shutting down
2021/09/02 12:31:13 [notice] 33#33: exiting
2021/09/02 12:31:13 [notice] 32#32: exiting
2021/09/02 12:31:13 [notice] 33#33: exit
2021/09/02 12:31:13 [notice] 32#32: exit
2021/09/02 12:31:13 [notice] 1#1: signal 17 (SIGCHLD) received from 33
2021/09/02 12:31:13 [notice] 1#1: worker process 33 exited with code 0
2021/09/02 12:31:13 [notice] 1#1: signal 29 (SIGIO) received
2021/09/02 12:31:13 [notice] 1#1: signal 17 (SIGCHLD) received from 32
2021/09/02 12:31:13 [notice] 1#1: worker process 32 exited with code 0
2021/09/02 12:31:13 [notice] 1#1: exit
2021/09/02 12:32:00 [notice] 1#1: using the "epoll" event method
2021/09/02 12:32:00 [notice] 1#1: nginx/1.21.1
2021/09/02 12:32:00 [notice] 1#1: built by gcc 8.3.0 (Debian 8.3.0-6) 
2021/09/02 12:32:00 [notice] 1#1: OS: Linux 5.10.47-linuxkit
2021/09/02 12:32:00 [notice] 1#1: getrlimit(RLIMIT_NOFILE): 1048576:1048576
2021/09/02 12:32:00 [notice] 1#1: start worker processes
2021/09/02 12:32:00 [notice] 1#1: start worker process 30
2021/09/02 12:32:00 [notice] 1#1: start worker process 31
2021/09/02 12:32:34 [notice] 1#1: signal 3 (SIGQUIT) received, shutting down
2021/09/02 12:32:34 [notice] 31#31: gracefully shutting down
2021/09/02 12:32:34 [notice] 31#31: exiting
2021/09/02 12:32:34 [notice] 30#30: gracefully shutting down
2021/09/02 12:32:34 [notice] 30#30: exiting
2021/09/02 12:32:34 [notice] 31#31: exit
2021/09/02 12:32:34 [notice] 30#30: exit
2021/09/02 12:32:34 [notice] 1#1: signal 17 (SIGCHLD) received from 30
2021/09/02 12:32:34 [notice] 1#1: worker process 30 exited with code 0
2021/09/02 12:32:34 [notice] 1#1: signal 29 (SIGIO) received
2021/09/02 12:32:34 [notice] 1#1: signal 17 (SIGCHLD) received from 31
2021/09/02 12:32:34 [notice] 1#1: worker process 31 exited with code 0
2021/09/02 12:32:34 [notice] 1#1: exit
2021/09/02 12:32:51 [notice] 1#1: using the "epoll" event method
2021/09/02 12:32:51 [notice] 1#1: nginx/1.21.1
2021/09/02 12:32:51 [notice] 1#1: built by gcc 8.3.0 (Debian 8.3.0-6) 
2021/09/02 12:32:51 [notice] 1#1: OS: Linux 5.10.47-linuxkit
2021/09/02 12:32:51 [notice] 1#1: getrlimit(RLIMIT_NOFILE): 1048576:1048576
2021/09/02 12:32:51 [notice] 1#1: start worker processes
2021/09/02 12:32:51 [notice] 1#1: start worker process 30
2021/09/02 12:32:51 [notice] 1#1: start worker process 31
2021/09/02 12:33:51 [notice] 1#1: using the "epoll" event method
2021/09/02 12:33:51 [notice] 1#1: nginx/1.21.1
2021/09/02 12:33:51 [notice] 1#1: built by gcc 8.3.0 (Debian 8.3.0-6) 
2021/09/02 12:33:51 [notice] 1#1: OS: Linux 5.10.47-linuxkit
2021/09/02 12:33:51 [notice] 1#1: getrlimit(RLIMIT_NOFILE): 1048576:1048576
2021/09/02 12:33:51 [notice] 1#1: start worker processes
2021/09/02 12:33:51 [notice] 1#1: start worker process 31
2021/09/02 12:33:51 [notice] 1#1: start worker process 32
2021/09/02 12:55:47 [notice] 1#1: signal 3 (SIGQUIT) received, shutting down
2021/09/02 12:55:47 [notice] 31#31: gracefully shutting down
2021/09/02 12:55:47 [notice] 31#31: exiting
2021/09/02 12:55:47 [notice] 32#32: gracefully shutting down
2021/09/02 12:55:47 [notice] 31#31: exit
2021/09/02 12:55:47 [notice] 32#32: exiting
2021/09/02 12:55:47 [notice] 32#32: exit
2021/09/02 12:55:47 [notice] 1#1: signal 17 (SIGCHLD) received from 31
2021/09/02 12:55:47 [notice] 1#1: worker process 31 exited with code 0
2021/09/02 12:55:47 [notice] 1#1: signal 29 (SIGIO) received
2021/09/02 12:55:47 [notice] 1#1: signal 17 (SIGCHLD) received from 32
2021/09/02 12:55:47 [notice] 1#1: worker process 32 exited with code 0
2021/09/02 12:55:47 [notice] 1#1: exit
2021/09/02 12:57:21 [notice] 1#1: using the "epoll" event method
2021/09/02 12:57:21 [notice] 1#1: nginx/1.21.1
2021/09/02 12:57:21 [notice] 1#1: built by gcc 8.3.0 (Debian 8.3.0-6) 
2021/09/02 12:57:21 [notice] 1#1: OS: Linux 5.10.47-linuxkit
2021/09/02 12:57:21 [notice] 1#1: getrlimit(RLIMIT_NOFILE): 1048576:1048576
2021/09/02 12:57:21 [notice] 1#1: start worker processes
2021/09/02 12:57:21 [notice] 1#1: start worker process 30
2021/09/02 12:57:21 [notice] 1#1: start worker process 31
2021/09/02 15:40:05 [notice] 1#1: signal 3 (SIGQUIT) received, shutting down
2021/09/02 15:40:05 [notice] 30#30: gracefully shutting down
2021/09/02 15:40:05 [notice] 31#31: gracefully shutting down
2021/09/02 15:40:05 [notice] 30#30: exiting
2021/09/02 15:40:05 [notice] 31#31: exiting
2021/09/02 15:40:05 [notice] 31#31: exit
2021/09/02 15:40:05 [notice] 30#30: exit
2021/09/02 15:40:06 [notice] 1#1: signal 17 (SIGCHLD) received from 30
2021/09/02 15:40:06 [notice] 1#1: worker process 30 exited with code 0
2021/09/02 15:40:06 [notice] 1#1: signal 29 (SIGIO) received
2021/09/02 15:40:06 [notice] 1#1: signal 17 (SIGCHLD) received from 31
2021/09/02 15:40:06 [notice] 1#1: worker process 31 exited with code 0
2021/09/02 15:40:06 [notice] 1#1: exit
2021/09/02 15:48:47 [notice] 1#1: using the "epoll" event method
2021/09/02 15:48:47 [notice] 1#1: nginx/1.21.1
2021/09/02 15:48:47 [notice] 1#1: built by gcc 8.3.0 (Debian 8.3.0-6) 
2021/09/02 15:48:47 [notice] 1#1: OS: Linux 5.10.47-linuxkit
2021/09/02 15:48:47 [notice] 1#1: getrlimit(RLIMIT_NOFILE): 1048576:1048576
2021/09/02 15:48:47 [notice] 1#1: start worker processes
2021/09/02 15:48:47 [notice] 1#1: start worker process 31
2021/09/02 15:48:47 [notice] 1#1: start worker process 32
2021/09/02 15:50:42 [notice] 1#1: signal 3 (SIGQUIT) received, shutting down
2021/09/02 15:50:42 [notice] 32#32: gracefully shutting down
2021/09/02 15:50:42 [notice] 32#32: exiting
2021/09/02 15:50:42 [notice] 31#31: gracefully shutting down
2021/09/02 15:50:42 [notice] 32#32: exit
2021/09/02 15:50:42 [notice] 31#31: exiting
2021/09/02 15:50:42 [notice] 31#31: exit
2021/09/02 15:50:42 [notice] 1#1: signal 17 (SIGCHLD) received from 32
2021/09/02 15:50:42 [notice] 1#1: worker process 32 exited with code 0
2021/09/02 15:50:42 [notice] 1#1: signal 29 (SIGIO) received
2021/09/02 15:50:42 [notice] 1#1: signal 17 (SIGCHLD) received from 31
2021/09/02 15:50:42 [notice] 1#1: worker process 31 exited with code 0
2021/09/02 15:50:42 [notice] 1#1: exit
2021/09/06 04:22:38 [notice] 1#1: using the "epoll" event method
2021/09/06 04:22:38 [notice] 1#1: nginx/1.21.1
2021/09/06 04:22:38 [notice] 1#1: built by gcc 8.3.0 (Debian 8.3.0-6) 
2021/09/06 04:22:38 [notice] 1#1: OS: Linux 5.10.47-linuxkit
2021/09/06 04:22:38 [notice] 1#1: getrlimit(RLIMIT_NOFILE): 1048576:1048576
2021/09/06 04:22:38 [notice] 1#1: start worker processes
2021/09/06 04:22:38 [notice] 1#1: start worker process 30
2021/09/06 04:22:38 [notice] 1#1: start worker process 31
2021/09/06 06:22:35 [notice] 1#1: signal 3 (SIGQUIT) received, shutting down
2021/09/06 06:22:35 [notice] 30#30: gracefully shutting down
2021/09/06 06:22:35 [notice] 31#31: gracefully shutting down
2021/09/06 06:22:35 [notice] 30#30: exiting
2021/09/06 06:22:35 [notice] 31#31: exiting
2021/09/06 06:22:35 [notice] 30#30: exit
2021/09/06 06:22:35 [notice] 31#31: exit
2021/09/06 06:22:35 [notice] 1#1: signal 17 (SIGCHLD) received from 31
2021/09/06 06:22:35 [notice] 1#1: worker process 31 exited with code 0
2021/09/06 06:22:35 [notice] 1#1: signal 17 (SIGCHLD) received from 30
2021/09/06 06:22:35 [notice] 1#1: worker process 30 exited with code 0
2021/09/06 06:22:35 [notice] 1#1: exit
2021/09/06 06:22:46 [notice] 1#1: using the "epoll" event method
2021/09/06 06:22:46 [notice] 1#1: nginx/1.21.1
2021/09/06 06:22:46 [notice] 1#1: built by gcc 8.3.0 (Debian 8.3.0-6) 
2021/09/06 06:22:46 [notice] 1#1: OS: Linux 5.10.47-linuxkit
2021/09/06 06:22:46 [notice] 1#1: getrlimit(RLIMIT_NOFILE): 1048576:1048576
2021/09/06 06:22:46 [notice] 1#1: start worker processes
2021/09/06 06:22:46 [notice] 1#1: start worker process 29
2021/09/06 06:22:46 [notice] 1#1: start worker process 30
2021/09/07 14:32:04 [notice] 1#1: using the "epoll" event method
2021/09/07 14:32:04 [notice] 1#1: nginx/1.21.1
2021/09/07 14:32:04 [notice] 1#1: built by gcc 8.3.0 (Debian 8.3.0-6) 
2021/09/07 14:32:04 [notice] 1#1: OS: Linux 5.10.47-linuxkit
2021/09/07 14:32:04 [notice] 1#1: getrlimit(RLIMIT_NOFILE): 1048576:1048576
2021/09/07 14:32:04 [notice] 1#1: start worker processes
2021/09/07 14:32:04 [notice] 1#1: start worker process 31
2021/09/07 14:32:04 [notice] 1#1: start worker process 32
2021/09/07 14:44:10 [notice] 1#1: signal 3 (SIGQUIT) received, shutting down
2021/09/07 14:44:10 [notice] 32#32: gracefully shutting down
2021/09/07 14:44:10 [notice] 32#32: exiting
2021/09/07 14:44:10 [notice] 31#31: gracefully shutting down
2021/09/07 14:44:10 [notice] 31#31: exiting
2021/09/07 14:44:10 [notice] 32#32: exit
2021/09/07 14:44:10 [notice] 31#31: exit
2021/09/07 14:44:10 [notice] 1#1: signal 17 (SIGCHLD) received from 32
2021/09/07 14:44:10 [notice] 1#1: worker process 31 exited with code 0
2021/09/07 14:44:10 [notice] 1#1: worker process 32 exited with code 0
2021/09/07 14:44:10 [notice] 1#1: exit
2021/09/07 14:45:06 [notice] 1#1: using the "epoll" event method
2021/09/07 14:45:06 [notice] 1#1: nginx/1.21.1
2021/09/07 14:45:06 [notice] 1#1: built by gcc 8.3.0 (Debian 8.3.0-6) 
2021/09/07 14:45:06 [notice] 1#1: OS: Linux 5.10.47-linuxkit
2021/09/07 14:45:06 [notice] 1#1: getrlimit(RLIMIT_NOFILE): 1048576:1048576
2021/09/07 14:45:06 [notice] 1#1: start worker processes
2021/09/07 14:45:06 [notice] 1#1: start worker process 31
2021/09/07 14:45:06 [notice] 1#1: start worker process 32
2021/09/07 15:11:54 [notice] 1#1: signal 3 (SIGQUIT) received, shutting down
2021/09/07 15:11:54 [notice] 31#31: gracefully shutting down
2021/09/07 15:11:54 [notice] 32#32: gracefully shutting down
2021/09/07 15:11:54 [notice] 32#32: exiting
2021/09/07 15:11:54 [notice] 31#31: exiting
2021/09/07 15:11:54 [notice] 32#32: exit
2021/09/07 15:11:54 [notice] 31#31: exit
2021/09/07 15:11:54 [notice] 1#1: signal 17 (SIGCHLD) received from 32
2021/09/07 15:11:54 [notice] 1#1: worker process 32 exited with code 0
2021/09/07 15:11:54 [notice] 1#1: signal 29 (SIGIO) received
2021/09/07 15:11:54 [notice] 1#1: signal 17 (SIGCHLD) received from 31
2021/09/07 15:11:54 [notice] 1#1: worker process 31 exited with code 0
2021/09/07 15:11:54 [notice] 1#1: exit
2021/09/07 15:12:52 [notice] 1#1: using the "epoll" event method
2021/09/07 15:12:52 [notice] 1#1: nginx/1.21.1
2021/09/07 15:12:52 [notice] 1#1: built by gcc 8.3.0 (Debian 8.3.0-6) 
2021/09/07 15:12:52 [notice] 1#1: OS: Linux 5.10.47-linuxkit
2021/09/07 15:12:52 [notice] 1#1: getrlimit(RLIMIT_NOFILE): 1048576:1048576
2021/09/07 15:12:52 [notice] 1#1: start worker processes
2021/09/07 15:12:52 [notice] 1#1: start worker process 30
2021/09/07 15:12:52 [notice] 1#1: start worker process 31
2021/09/07 15:13:42 [notice] 1#1: signal 3 (SIGQUIT) received, shutting down
2021/09/07 15:13:42 [notice] 30#30: gracefully shutting down
2021/09/07 15:13:42 [notice] 30#30: exiting
2021/09/07 15:13:42 [notice] 31#31: gracefully shutting down
2021/09/07 15:13:42 [notice] 30#30: exit
2021/09/07 15:13:42 [notice] 31#31: exiting
2021/09/07 15:13:42 [notice] 31#31: exit
2021/09/07 15:13:42 [notice] 1#1: signal 17 (SIGCHLD) received from 30
2021/09/07 15:13:42 [notice] 1#1: worker process 30 exited with code 0
2021/09/07 15:13:42 [notice] 1#1: signal 29 (SIGIO) received
2021/09/07 15:13:42 [notice] 1#1: signal 17 (SIGCHLD) received from 31
2021/09/07 15:13:42 [notice] 1#1: worker process 31 exited with code 0
2021/09/07 15:13:42 [notice] 1#1: exit
2021/09/07 15:33:15 [notice] 1#1: using the "epoll" event method
2021/09/07 15:33:15 [notice] 1#1: nginx/1.21.1
2021/09/07 15:33:15 [notice] 1#1: built by gcc 8.3.0 (Debian 8.3.0-6) 
2021/09/07 15:33:15 [notice] 1#1: OS: Linux 5.10.47-linuxkit
2021/09/07 15:33:15 [notice] 1#1: getrlimit(RLIMIT_NOFILE): 1048576:1048576
2021/09/07 15:33:15 [notice] 1#1: start worker processes
2021/09/07 15:33:15 [notice] 1#1: start worker process 30
2021/09/07 15:33:15 [notice] 1#1: start worker process 31
2021/09/07 15:40:09 [notice] 1#1: signal 3 (SIGQUIT) received, shutting down
2021/09/07 15:40:09 [notice] 31#31: gracefully shutting down
2021/09/07 15:40:09 [notice] 30#30: gracefully shutting down
2021/09/07 15:40:09 [notice] 30#30: exiting
2021/09/07 15:40:09 [notice] 31#31: exiting
2021/09/07 15:40:09 [notice] 31#31: exit
2021/09/07 15:40:09 [notice] 30#30: exit
2021/09/07 15:40:09 [notice] 1#1: signal 17 (SIGCHLD) received from 31
2021/09/07 15:40:09 [notice] 1#1: worker process 31 exited with code 0
2021/09/07 15:40:09 [notice] 1#1: signal 29 (SIGIO) received
2021/09/07 15:40:09 [notice] 1#1: signal 17 (SIGCHLD) received from 30
2021/09/07 15:40:09 [notice] 1#1: worker process 30 exited with code 0
2021/09/07 15:40:09 [notice] 1#1: exit
2021/09/07 15:43:37 [notice] 1#1: using the "epoll" event method
2021/09/07 15:43:37 [notice] 1#1: nginx/1.21.1
2021/09/07 15:43:37 [notice] 1#1: built by gcc 8.3.0 (Debian 8.3.0-6) 
2021/09/07 15:43:37 [notice] 1#1: OS: Linux 5.10.47-linuxkit
2021/09/07 15:43:37 [notice] 1#1: getrlimit(RLIMIT_NOFILE): 1048576:1048576
2021/09/07 15:43:37 [notice] 1#1: start worker processes
2021/09/07 15:43:37 [notice] 1#1: start worker process 30
2021/09/07 15:43:37 [notice] 1#1: start worker process 31
2021/09/07 15:44:35 [notice] 1#1: signal 3 (SIGQUIT) received, shutting down
2021/09/07 15:44:35 [notice] 30#30: gracefully shutting down
2021/09/07 15:44:35 [notice] 30#30: exiting
2021/09/07 15:44:35 [notice] 31#31: gracefully shutting down
2021/09/07 15:44:35 [notice] 30#30: exit
2021/09/07 15:44:35 [notice] 31#31: exiting
2021/09/07 15:44:35 [notice] 31#31: exit
2021/09/07 15:44:35 [notice] 1#1: signal 17 (SIGCHLD) received from 31
2021/09/07 15:44:35 [notice] 1#1: worker process 30 exited with code 0
2021/09/07 15:44:35 [notice] 1#1: worker process 31 exited with code 0
2021/09/07 15:44:35 [notice] 1#1: exit
2021/09/07 15:48:14 [notice] 1#1: using the "epoll" event method
2021/09/07 15:48:14 [notice] 1#1: nginx/1.21.1
2021/09/07 15:48:14 [notice] 1#1: built by gcc 8.3.0 (Debian 8.3.0-6) 
2021/09/07 15:48:14 [notice] 1#1: OS: Linux 5.10.47-linuxkit
2021/09/07 15:48:14 [notice] 1#1: getrlimit(RLIMIT_NOFILE): 1048576:1048576
2021/09/07 15:48:14 [notice] 1#1: start worker processes
2021/09/07 15:48:14 [notice] 1#1: start worker process 31
2021/09/07 15:48:14 [notice] 1#1: start worker process 32
2021/09/07 15:49:05 [notice] 1#1: signal 3 (SIGQUIT) received, shutting down
2021/09/07 15:49:05 [notice] 31#31: gracefully shutting down
2021/09/07 15:49:05 [notice] 31#31: exiting
2021/09/07 15:49:05 [notice] 31#31: exit
2021/09/07 15:49:05 [notice] 32#32: gracefully shutting down
2021/09/07 15:49:05 [notice] 32#32: exiting
2021/09/07 15:49:05 [notice] 32#32: exit
2021/09/07 15:49:05 [notice] 1#1: signal 17 (SIGCHLD) received from 31
2021/09/07 15:49:05 [notice] 1#1: worker process 31 exited with code 0
2021/09/07 15:49:05 [notice] 1#1: signal 29 (SIGIO) received
2021/09/07 15:49:05 [notice] 1#1: signal 17 (SIGCHLD) received from 32
2021/09/07 15:49:05 [notice] 1#1: worker process 32 exited with code 0
2021/09/07 15:49:05 [notice] 1#1: exit
2021/09/07 15:54:57 [notice] 1#1: using the "epoll" event method
2021/09/07 15:54:57 [notice] 1#1: nginx/1.21.1
2021/09/07 15:54:57 [notice] 1#1: built by gcc 8.3.0 (Debian 8.3.0-6) 
2021/09/07 15:54:57 [notice] 1#1: OS: Linux 5.10.47-linuxkit
2021/09/07 15:54:57 [notice] 1#1: getrlimit(RLIMIT_NOFILE): 1048576:1048576
2021/09/07 15:54:57 [notice] 1#1: start worker processes
2021/09/07 15:54:57 [notice] 1#1: start worker process 30
2021/09/07 15:54:57 [notice] 1#1: start worker process 31
2021/09/07 16:00:26 [notice] 1#1: signal 3 (SIGQUIT) received, shutting down
2021/09/07 16:00:26 [notice] 30#30: gracefully shutting down
2021/09/07 16:00:26 [notice] 31#31: gracefully shutting down
2021/09/07 16:00:26 [notice] 30#30: exiting
2021/09/07 16:00:26 [notice] 30#30: exit
2021/09/07 16:00:26 [notice] 31#31: exiting
2021/09/07 16:00:26 [notice] 31#31: exit
2021/09/07 16:00:26 [notice] 1#1: signal 17 (SIGCHLD) received from 30
2021/09/07 16:00:26 [notice] 1#1: worker process 30 exited with code 0
2021/09/07 16:00:26 [notice] 1#1: signal 29 (SIGIO) received
2021/09/07 16:00:26 [notice] 1#1: signal 17 (SIGCHLD) received from 31
2021/09/07 16:00:26 [notice] 1#1: worker process 31 exited with code 0
2021/09/07 16:00:26 [notice] 1#1: exit
2021/09/07 16:02:14 [notice] 1#1: using the "epoll" event method
2021/09/07 16:02:14 [notice] 1#1: nginx/1.21.1
2021/09/07 16:02:14 [notice] 1#1: built by gcc 8.3.0 (Debian 8.3.0-6) 
2021/09/07 16:02:14 [notice] 1#1: OS: Linux 5.10.47-linuxkit
2021/09/07 16:02:14 [notice] 1#1: getrlimit(RLIMIT_NOFILE): 1048576:1048576
2021/09/07 16:02:14 [notice] 1#1: start worker processes
2021/09/07 16:02:14 [notice] 1#1: start worker process 30
2021/09/07 16:02:14 [notice] 1#1: start worker process 31
2021/09/07 16:04:39 [notice] 1#1: signal 3 (SIGQUIT) received, shutting down
2021/09/07 16:04:39 [notice] 30#30: gracefully shutting down
2021/09/07 16:04:39 [notice] 30#30: exiting
2021/09/07 16:04:39 [notice] 31#31: gracefully shutting down
2021/09/07 16:04:39 [notice] 30#30: exit
2021/09/07 16:04:39 [notice] 31#31: exiting
2021/09/07 16:04:39 [notice] 31#31: exit
2021/09/07 16:04:39 [notice] 1#1: signal 17 (SIGCHLD) received from 30
2021/09/07 16:04:39 [notice] 1#1: worker process 30 exited with code 0
2021/09/07 16:04:39 [notice] 1#1: signal 29 (SIGIO) received
2021/09/07 16:04:39 [notice] 1#1: signal 17 (SIGCHLD) received from 31
2021/09/07 16:04:39 [notice] 1#1: worker process 31 exited with code 0
2021/09/07 16:04:39 [notice] 1#1: exit
2021/09/07 16:05:56 [notice] 1#1: using the "epoll" event method
2021/09/07 16:05:56 [notice] 1#1: nginx/1.21.1
2021/09/07 16:05:56 [notice] 1#1: built by gcc 8.3.0 (Debian 8.3.0-6) 
2021/09/07 16:05:56 [notice] 1#1: OS: Linux 5.10.47-linuxkit
2021/09/07 16:05:56 [notice] 1#1: getrlimit(RLIMIT_NOFILE): 1048576:1048576
2021/09/07 16:05:56 [notice] 1#1: start worker processes
2021/09/07 16:05:56 [notice] 1#1: start worker process 30
2021/09/07 16:05:56 [notice] 1#1: start worker process 31
2021/09/07 16:06:07 [notice] 1#1: signal 3 (SIGQUIT) received, shutting down
2021/09/07 16:06:07 [notice] 30#30: gracefully shutting down
2021/09/07 16:06:07 [notice] 30#30: exiting
2021/09/07 16:06:07 [notice] 31#31: gracefully shutting down
2021/09/07 16:06:07 [notice] 30#30: exit
2021/09/07 16:06:07 [notice] 31#31: exiting
2021/09/07 16:06:07 [notice] 31#31: exit
2021/09/07 16:06:07 [notice] 1#1: signal 17 (SIGCHLD) received from 30
2021/09/07 16:06:07 [notice] 1#1: worker process 30 exited with code 0
2021/09/07 16:06:08 [notice] 1#1: signal 29 (SIGIO) received
2021/09/07 16:06:08 [notice] 1#1: signal 17 (SIGCHLD) received from 31
2021/09/07 16:06:08 [notice] 1#1: worker process 31 exited with code 0
2021/09/07 16:06:08 [notice] 1#1: exit
2021/09/07 16:06:46 [notice] 1#1: using the "epoll" event method
2021/09/07 16:06:46 [notice] 1#1: nginx/1.21.1
2021/09/07 16:06:46 [notice] 1#1: built by gcc 8.3.0 (Debian 8.3.0-6) 
2021/09/07 16:06:46 [notice] 1#1: OS: Linux 5.10.47-linuxkit
2021/09/07 16:06:46 [notice] 1#1: getrlimit(RLIMIT_NOFILE): 1048576:1048576
2021/09/07 16:06:46 [notice] 1#1: start worker processes
2021/09/07 16:06:46 [notice] 1#1: start worker process 30
2021/09/07 16:06:46 [notice] 1#1: start worker process 31
2021/09/07 16:10:19 [notice] 1#1: signal 3 (SIGQUIT) received, shutting down
2021/09/07 16:10:19 [notice] 30#30: gracefully shutting down
2021/09/07 16:10:19 [notice] 30#30: exiting
2021/09/07 16:10:19 [notice] 31#31: gracefully shutting down
2021/09/07 16:10:19 [notice] 31#31: exiting
2021/09/07 16:10:19 [notice] 30#30: exit
2021/09/07 16:10:19 [notice] 31#31: exit
2021/09/07 16:10:19 [notice] 1#1: signal 17 (SIGCHLD) received from 30
2021/09/07 16:10:19 [notice] 1#1: worker process 30 exited with code 0
2021/09/07 16:10:19 [notice] 1#1: signal 29 (SIGIO) received
2021/09/07 16:10:19 [notice] 1#1: signal 17 (SIGCHLD) received from 31
2021/09/07 16:10:19 [notice] 1#1: worker process 31 exited with code 0
2021/09/07 16:10:19 [notice] 1#1: exit
